Using pre-set license
Built from '2021.3/staging' branch; Version is '2021.3.22f1 (b6c551784ba3) revision 11978065'; Using compiler version '192829333'; Build Type 'Release'
OS: 'Windows 11  (10.0.22621) 64bit Professional' Language: 'ko' Physical Memory: 32581 MB
BatchMode: 1, IsHumanControllingUs: 0, StartBugReporterOnCrash: 0, Is64bit: 1, IsPro: 1

COMMAND LINE ARGUMENTS:
C:\Program Files\Unity\Hub\Editor\2021.3.22f1\Editor\Unity.exe
-adb2
-batchMode
-noUpm
-name
AssetImportWorker2
-projectPath
D:/Unity/Unity_project/MainProject
-logFile
Logs/AssetImportWorker2.log
-srvPort
60082
Successfully changed project path to: D:/Unity/Unity_project/MainProject
D:/Unity/Unity_project/MainProject
[UnityMemory] Configuration Parameters - Can be set up in boot.config
    "memorysetup-bucket-allocator-granularity=16"
    "memorysetup-bucket-allocator-bucket-count=8"
    "memorysetup-bucket-allocator-block-size=33554432"
    "memorysetup-bucket-allocator-block-count=8"
    "memorysetup-main-allocator-block-size=16777216"
    "memorysetup-thread-allocator-block-size=16777216"
    "memorysetup-gfx-main-allocator-block-size=16777216"
    "memorysetup-gfx-thread-allocator-block-size=16777216"
    "memorysetup-cache-allocator-block-size=4194304"
    "memorysetup-typetree-allocator-block-size=2097152"
    "memorysetup-profiler-bucket-allocator-granularity=16"
    "memorysetup-profiler-bucket-allocator-bucket-count=8"
    "memorysetup-profiler-bucket-allocator-block-size=33554432"
    "memorysetup-profiler-bucket-allocator-block-count=8"
    "memorysetup-profiler-allocator-block-size=16777216"
    "memorysetup-profiler-editor-allocator-block-size=1048576"
    "memorysetup-temp-allocator-size-main=16777216"
    "memorysetup-job-temp-allocator-block-size=2097152"
    "memorysetup-job-temp-allocator-block-size-background=1048576"
    "memorysetup-job-temp-allocator-reduction-small-platforms=262144"
    "memorysetup-temp-allocator-size-background-worker=32768"
    "memorysetup-temp-allocator-size-job-worker=262144"
    "memorysetup-temp-allocator-size-preload-manager=33554432"
    "memorysetup-temp-allocator-size-nav-mesh-worker=65536"
    "memorysetup-temp-allocator-size-audio-worker=65536"
    "memorysetup-temp-allocator-size-cloud-worker=32768"
    "memorysetup-temp-allocator-size-gi-baking-worker=262144"
    "memorysetup-temp-allocator-size-gfx=262144"
Player connection [3728] Host "[IP] 172.30.1.2 [Port] 0 [Flags] 2 [Guid] 1360718299 [EditorId] 1360718299 [Version] 1048832 [Id] WindowsEditor(7,DESKTOP-MDKBRF8) [Debug] 1 [PackageName] WindowsEditor [ProjectName] Editor" joined multi-casting on [225.0.0.222:54997]...

Player connection [3728] Host "[IP] 172.30.1.2 [Port] 0 [Flags] 2 [Guid] 1360718299 [EditorId] 1360718299 [Version] 1048832 [Id] WindowsEditor(7,DESKTOP-MDKBRF8) [Debug] 1 [PackageName] WindowsEditor [ProjectName] Editor" joined alternative multi-casting on [225.0.0.222:34997]...

Refreshing native plugins compatible for Editor in 102.70 ms, found 4 plugins.
Preloading 0 native plugins for Editor in 0.00 ms.
Initialize engine version: 2021.3.22f1 (b6c551784ba3)
[Subsystems] Discovering subsystems at path C:/Program Files/Unity/Hub/Editor/2021.3.22f1/Editor/Data/Resources/UnitySubsystems
[Subsystems] Discovering subsystems at path D:/Unity/Unity_project/MainProject/Assets
GfxDevice: creating device client; threaded=0; jobified=0
Direct3D:
    Version:  Direct3D 11.0 [level 11.1]
    Renderer: NVIDIA GeForce RTX 3080 (ID=0x2216)
    Vendor:   NVIDIA
    VRAM:     10067 MB
    Driver:   31.0.15.3168
Initialize mono
Mono path[0] = 'C:/Program Files/Unity/Hub/Editor/2021.3.22f1/Editor/Data/Managed'
Mono path[1] = 'C:/Program Files/Unity/Hub/Editor/2021.3.22f1/Editor/Data/MonoBleedingEdge/lib/mono/unityjit-win32'
Mono config path = 'C:/Program Files/Unity/Hub/Editor/2021.3.22f1/Editor/Data/MonoBleedingEdge/etc'
Using monoOptions --debugger-agent=transport=dt_socket,embedding=1,server=y,suspend=n,address=127.0.0.1:56912
Begin MonoManager ReloadAssembly
Registering precompiled unity dll's ...
Register platform support module: C:/Program Files/Unity/Hub/Editor/2021.3.22f1/Editor/Data/PlaybackEngines/WebGLSupport/UnityEditor.WebGL.Extensions.dll
Register platform support module: C:/Program Files/Unity/Hub/Editor/2021.3.22f1/Editor/Data/PlaybackEngines/WindowsStandaloneSupport/UnityEditor.WindowsStandalone.Extensions.dll
Registered in 0.002353 seconds.
Native extension for WindowsStandalone target not found
Native extension for WebGL target not found
Refreshing native plugins compatible for Editor in 96.66 ms, found 4 plugins.
Preloading 0 native plugins for Editor in 0.00 ms.
Mono: successfully reloaded assembly
- Completed reload, in  0.846 seconds
Domain Reload Profiling:
	ReloadAssembly (846ms)
		BeginReloadAssembly (56ms)
			ExecutionOrderSort (0ms)
			DisableScriptedObjects (0ms)
			BackupInstance (0ms)
			ReleaseScriptingObjects (0ms)
			CreateAndSetChildDomain (0ms)
		EndReloadAssembly (532ms)
			LoadAssemblies (55ms)
			RebuildTransferFunctionScriptingTraits (0ms)
			SetupTypeCache (262ms)
			ReleaseScriptCaches (0ms)
			RebuildScriptCaches (18ms)
			SetupLoadedEditorAssemblies (219ms)
				LogAssemblyErrors (0ms)
				InitializePlatformSupportModulesInManaged (5ms)
				SetLoadedEditorAssemblies (0ms)
				RefreshPlugins (97ms)
				BeforeProcessingInitializeOnLoad (1ms)
				ProcessInitializeOnLoadAttributes (79ms)
				ProcessInitializeOnLoadMethodAttributes (37ms)
				AfterProcessingInitializeOnLoad (0ms)
				EditorAssembliesLoaded (0ms)
			ExecutionOrderSort2 (0ms)
			AwakeInstancesAfterBackupRestoration (0ms)
Platform modules already initialized, skipping
Registering precompiled user dll's ...
Registered in 0.002748 seconds.
Begin MonoManager ReloadAssembly
Symbol file LoadedFromMemory doesn't match image D:\Unity\Unity_project\MainProject\Library\PackageCache\com.unity.visualscripting@1.8.0\Editor\VisualScripting.Core\Dependencies\YamlDotNet\Unity.VisualScripting.YamlDotNet.dll
Symbol file LoadedFromMemory doesn't match image D:\Unity\Unity_project\MainProject\Library\PackageCache\com.unity.visualscripting@1.8.0\Editor\VisualScripting.Core\Dependencies\DotNetZip\Unity.VisualScripting.IonicZip.dll
Native extension for WindowsStandalone target not found
Native extension for WebGL target not found
Refreshing native plugins compatible for Editor in 95.61 ms, found 4 plugins.
Preloading 0 native plugins for Editor in 0.00 ms.
Mono: successfully reloaded assembly
- Completed reload, in  1.100 seconds
Domain Reload Profiling:
	ReloadAssembly (1101ms)
		BeginReloadAssembly (78ms)
			ExecutionOrderSort (0ms)
			DisableScriptedObjects (3ms)
			BackupInstance (0ms)
			ReleaseScriptingObjects (0ms)
			CreateAndSetChildDomain (15ms)
		EndReloadAssembly (956ms)
			LoadAssemblies (68ms)
			RebuildTransferFunctionScriptingTraits (0ms)
			SetupTypeCache (197ms)
			ReleaseScriptCaches (0ms)
			RebuildScriptCaches (52ms)
			SetupLoadedEditorAssemblies (610ms)
				LogAssemblyErrors (0ms)
				InitializePlatformSupportModulesInManaged (3ms)
				SetLoadedEditorAssemblies (0ms)
				RefreshPlugins (96ms)
				BeforeProcessingInitializeOnLoad (79ms)
				ProcessInitializeOnLoadAttributes (308ms)
				ProcessInitializeOnLoadMethodAttributes (121ms)
				AfterProcessingInitializeOnLoad (3ms)
				EditorAssembliesLoaded (0ms)
			ExecutionOrderSort2 (0ms)
			AwakeInstancesAfterBackupRestoration (4ms)
Platform modules already initialized, skipping
========================================================================
Worker process is ready to serve import requests
Launched and connected shader compiler UnityShaderCompiler.exe after 0.06 seconds
Refreshing native plugins compatible for Editor in 1.61 ms, found 4 plugins.
Preloading 0 native plugins for Editor in 0.00 ms.
Unloading 6208 Unused Serialized files (Serialized files now loaded: 0)
Unloading 80 unused Assets / (0.9 MB). Loaded Objects now: 6644.
Memory consumption went from 248.4 MB to 247.5 MB.
Total: 7.933000 ms (FindLiveObjects: 0.430800 ms CreateObjectMapping: 0.366300 ms MarkObjects: 6.730600 ms  DeleteObjects: 0.404000 ms)

AssetImportParameters requested are different than current active one (requested -> active):
  custom:video-decoder-ogg-theora: a1e56fd34408186e4bbccfd4996cb3dc -> 
  custom:container-muxer-webm: aa71ff27fc2769a1b78a27578f13a17b -> 
  custom:container-demuxer-webm: 4f35f7cbe854078d1ac9338744f61a02 -> 
  custom:video-encoder-webm-vp8: eb34c28f22e8b96e1ab97ce403110664 -> 
  custom:audio-encoder-webm-vorbis: bf7c407c2cedff20999df2af8eb42d56 -> 
  custom:framework-win-MediaFoundation: 216162199b28c13a410421893ffa2e32 -> 
  custom:container-demuxer-ogg: 62fdf1f143b41e24485cea50d1cbac27 -> 
  custom:video-decoder-webm-vp8: 9c59270c3fd7afecdb556c50c9e8de78 -> 
  custom:audio-decoder-ogg-vorbis: bf7c407c2cedff20999df2af8eb42d56 -> 
========================================================================
Received Import Request.
  Time since last request: 48859.043700 seconds.
  path: Assets/AssetStore/PlopSaga_v3.0/Prefabs/Stuff/Temp/MoveStone_Mountain_04.prefab
  artifactKey: Guid(6e5f52b2f62434e84bc980a98be85628) Importer(815301076,1909f56bfc062723c751e8b465ee728b)
Start importing Assets/AssetStore/PlopSaga_v3.0/Prefabs/Stuff/Temp/MoveStone_Mountain_04.prefab using Guid(6e5f52b2f62434e84bc980a98be85628) Importer(815301076,1909f56bfc062723c751e8b465ee728b)  -> (artifact id: 'ce111e80cef716c090b6e121df6b1d77') in 0.168200 seconds 
========================================================================
Received Import Request.
  Time since last request: 46.115209 seconds.
  path: Assets/AssetStore/PlopSaga_v3.0/Prefabs/Chapter_5/Snow_Snowberg_Middle_21.prefab
  artifactKey: Guid(97f79f9614dc642089904b63db1f63df) Importer(815301076,1909f56bfc062723c751e8b465ee728b)
Start importing Assets/AssetStore/PlopSaga_v3.0/Prefabs/Chapter_5/Snow_Snowberg_Middle_21.prefab using Guid(97f79f9614dc642089904b63db1f63df) Importer(815301076,1909f56bfc062723c751e8b465ee728b)  -> (artifact id: '6a98ac7994186584648184163ad1b437') in 0.017061 seconds 
========================================================================
Received Import Request.
  Time since last request: 0.000037 seconds.
  path: Assets/AssetStore/PlopSaga_v3.0/Prefabs/Chapter_5/Snow_Snowberg_Middle_29.prefab
  artifactKey: Guid(76f08ad723f2647b9b4f897affb54000) Importer(815301076,1909f56bfc062723c751e8b465ee728b)
Start importing Assets/AssetStore/PlopSaga_v3.0/Prefabs/Chapter_5/Snow_Snowberg_Middle_29.prefab using Guid(76f08ad723f2647b9b4f897affb54000) Importer(815301076,1909f56bfc062723c751e8b465ee728b)  -> (artifact id: 'f55e05cb4ab7180ff2f6b000c9f9ef2f') in 0.017090 seconds 
========================================================================
Received Import Request.
  Time since last request: 0.000032 seconds.
  path: Assets/AssetStore/PlopSaga_v3.0/Prefabs/Chapter_5/Stone_Snowberg_Middle_03.prefab
  artifactKey: Guid(2c010a49c31d549e295cbd6d568d56c1) Importer(815301076,1909f56bfc062723c751e8b465ee728b)
Start importing Assets/AssetStore/PlopSaga_v3.0/Prefabs/Chapter_5/Stone_Snowberg_Middle_03.prefab using Guid(2c010a49c31d549e295cbd6d568d56c1) Importer(815301076,1909f56bfc062723c751e8b465ee728b)  -> (artifact id: '7cd1e8411afa8fdc36e33a069d8c9b02') in 0.018687 seconds 
========================================================================
Received Import Request.
  Time since last request: 0.000042 seconds.
  path: Assets/AssetStore/PlopSaga_v3.0/Prefabs/Chapter_5/Tree_Snowberg_Front_06.prefab
  artifactKey: Guid(67a97e0e2d2ef473885d8c66f0306f94) Importer(815301076,1909f56bfc062723c751e8b465ee728b)
Start importing Assets/AssetStore/PlopSaga_v3.0/Prefabs/Chapter_5/Tree_Snowberg_Front_06.prefab using Guid(67a97e0e2d2ef473885d8c66f0306f94) Importer(815301076,1909f56bfc062723c751e8b465ee728b)  -> (artifact id: 'e068257aff8e1f773e13cf9be93d1971') in 0.015235 seconds 
========================================================================
Received Import Request.
  Time since last request: 0.000027 seconds.
  path: Assets/AssetStore/PlopSaga_v3.0/Prefabs/Chapter_5/Tree_Snowberg_Front_02.prefab
  artifactKey: Guid(7a9c83d9416b7435fac66cd34fe15103) Importer(815301076,1909f56bfc062723c751e8b465ee728b)
Start importing Assets/AssetStore/PlopSaga_v3.0/Prefabs/Chapter_5/Tree_Snowberg_Front_02.prefab using Guid(7a9c83d9416b7435fac66cd34fe15103) Importer(815301076,1909f56bfc062723c751e8b465ee728b)  -> (artifact id: '7f95a3c7ce9366612301e94105bef05e') in 0.015716 seconds 
========================================================================
Received Import Request.
  Time since last request: 0.000021 seconds.
  path: Assets/AssetStore/PlopSaga_v3.0/Prefabs/Chapter_5/Stone_Snowberg_Middle_02.prefab
  artifactKey: Guid(7f234fa82e213475f89a115ea0202922) Importer(815301076,1909f56bfc062723c751e8b465ee728b)
Start importing Assets/AssetStore/PlopSaga_v3.0/Prefabs/Chapter_5/Stone_Snowberg_Middle_02.prefab using Guid(7f234fa82e213475f89a115ea0202922) Importer(815301076,1909f56bfc062723c751e8b465ee728b)  -> (artifact id: 'f66042bb985af25b0413293d275a4f7b') in 0.015905 seconds 
========================================================================
Received Import Request.
  Time since last request: 0.000045 seconds.
  path: Assets/AssetStore/PlopSaga_v3.0/Prefabs/Chapter_5/Tree_Snowberg_Middle_09.prefab
  artifactKey: Guid(2c580e29ce68c4fb4bfacb901779b128) Importer(815301076,1909f56bfc062723c751e8b465ee728b)
Start importing Assets/AssetStore/PlopSaga_v3.0/Prefabs/Chapter_5/Tree_Snowberg_Middle_09.prefab using Guid(2c580e29ce68c4fb4bfacb901779b128) Importer(815301076,1909f56bfc062723c751e8b465ee728b)  -> (artifact id: '8f689581db6e92f20aa137c6106c367b') in 0.014918 seconds 
========================================================================
Received Import Request.
  Time since last request: 0.000039 seconds.
  path: Assets/AssetStore/PlopSaga_v3.0/Prefabs/Chapter_5/Tree_Snowberg_Middle_05.prefab
  artifactKey: Guid(8922db55ce26e49e9a9047d4667820c8) Importer(815301076,1909f56bfc062723c751e8b465ee728b)
Start importing Assets/AssetStore/PlopSaga_v3.0/Prefabs/Chapter_5/Tree_Snowberg_Middle_05.prefab using Guid(8922db55ce26e49e9a9047d4667820c8) Importer(815301076,1909f56bfc062723c751e8b465ee728b)  -> (artifact id: '551c0580563bc2e76b63791a3adb1527') in 0.013876 seconds 
========================================================================
Received Import Request.
  Time since last request: 0.000023 seconds.
  path: Assets/AssetStore/PlopSaga_v3.0/Prefabs/Chapter_5/Wood_Forest_05_3.prefab
  artifactKey: Guid(2d1e410ee8e0647b6b9e5f09a29b444b) Importer(815301076,1909f56bfc062723c751e8b465ee728b)
Start importing Assets/AssetStore/PlopSaga_v3.0/Prefabs/Chapter_5/Wood_Forest_05_3.prefab using Guid(2d1e410ee8e0647b6b9e5f09a29b444b) Importer(815301076,1909f56bfc062723c751e8b465ee728b)  -> (artifact id: '03d32633ad2d4bcf80af5af4ef9f6ab0') in 0.014456 seconds 
========================================================================
Received Import Request.
  Time since last request: 0.000035 seconds.
  path: Assets/AssetStore/PlopSaga_v3.0/Prefabs/Chapter_5/Snow_Snowberg_Middle_28.prefab
  artifactKey: Guid(8247eab632b324ff7ac9c37e36830467) Importer(815301076,1909f56bfc062723c751e8b465ee728b)
Start importing Assets/AssetStore/PlopSaga_v3.0/Prefabs/Chapter_5/Snow_Snowberg_Middle_28.prefab using Guid(8247eab632b324ff7ac9c37e36830467) Importer(815301076,1909f56bfc062723c751e8b465ee728b)  -> (artifact id: '876e2fb1c321e94635194eaafd75be8f') in 0.014806 seconds 
========================================================================
Received Import Request.
  Time since last request: 0.000024 seconds.
  path: Assets/AssetStore/PlopSaga_v3.0/Prefabs/Chapter_5/Tree_Snowberg_Middle_02.prefab
  artifactKey: Guid(7528631ff5ed74c8391de862153e3f15) Importer(815301076,1909f56bfc062723c751e8b465ee728b)
Start importing Assets/AssetStore/PlopSaga_v3.0/Prefabs/Chapter_5/Tree_Snowberg_Middle_02.prefab using Guid(7528631ff5ed74c8391de862153e3f15) Importer(815301076,1909f56bfc062723c751e8b465ee728b)  -> (artifact id: '551a066081775e1f75a5a68a47560ce1') in 0.014971 seconds 
========================================================================
Received Import Request.
  Time since last request: 0.000031 seconds.
  path: Assets/AssetStore/PlopSaga_v3.0/Prefabs/Chapter_5/Stone_Snowberg_Front_02.prefab
  artifactKey: Guid(6de1928be800449b480ae07185add370) Importer(815301076,1909f56bfc062723c751e8b465ee728b)
Start importing Assets/AssetStore/PlopSaga_v3.0/Prefabs/Chapter_5/Stone_Snowberg_Front_02.prefab using Guid(6de1928be800449b480ae07185add370) Importer(815301076,1909f56bfc062723c751e8b465ee728b)  -> (artifact id: '03d67688f3aa47cfba6ceaca2c68521f') in 0.014963 seconds 
========================================================================
Received Import Request.
  Time since last request: 0.000024 seconds.
  path: Assets/AssetStore/PlopSaga_v3.0/Prefabs/Chapter_5/Tree_Snowberg_Middle_08.prefab
  artifactKey: Guid(2ab34a0be99054e9986fce9f2d2385fc) Importer(815301076,1909f56bfc062723c751e8b465ee728b)
Start importing Assets/AssetStore/PlopSaga_v3.0/Prefabs/Chapter_5/Tree_Snowberg_Middle_08.prefab using Guid(2ab34a0be99054e9986fce9f2d2385fc) Importer(815301076,1909f56bfc062723c751e8b465ee728b)  -> (artifact id: '70360376f6e7b303dc881b69836911c9') in 0.014986 seconds 
========================================================================
Received Import Request.
  Time since last request: 0.000020 seconds.
  path: Assets/AssetStore/PlopSaga_v3.0/Prefabs/Chapter_5/Wood_Forest_04_Rope_02.prefab
  artifactKey: Guid(b72b5cb74a54342f7a5cf958d55c7e6c) Importer(815301076,1909f56bfc062723c751e8b465ee728b)
Start importing Assets/AssetStore/PlopSaga_v3.0/Prefabs/Chapter_5/Wood_Forest_04_Rope_02.prefab using Guid(b72b5cb74a54342f7a5cf958d55c7e6c) Importer(815301076,1909f56bfc062723c751e8b465ee728b)  -> (artifact id: 'eaa632260de74663c2c024acdc747abb') in 0.013880 seconds 
Editor requested this worker to shutdown with reason: Scaling down because of idle timeout
AssetImportWorker is now disconnected from the server
Process exiting
Exiting without the bug reporter. Application will terminate with return code 0