Using pre-set license
Built from '2021.3/staging' branch; Version is '2021.3.22f1 (b6c551784ba3) revision 11978065'; Using compiler version '192829333'; Build Type 'Release'
OS: 'Windows 11  (10.0.22621) 64bit Professional' Language: 'ko' Physical Memory: 32581 MB
BatchMode: 1, IsHumanControllingUs: 0, StartBugReporterOnCrash: 0, Is64bit: 1, IsPro: 1

COMMAND LINE ARGUMENTS:
C:\Program Files\Unity\Hub\Editor\2021.3.22f1\Editor\Unity.exe
-adb2
-batchMode
-noUpm
-name
AssetImportWorker4
-projectPath
D:/Unity/Unity_project/MainProject
-logFile
Logs/AssetImportWorker4.log
-srvPort
60082
Successfully changed project path to: D:/Unity/Unity_project/MainProject
D:/Unity/Unity_project/MainProject
[UnityMemory] Configuration Parameters - Can be set up in boot.config
    "memorysetup-bucket-allocator-granularity=16"
    "memorysetup-bucket-allocator-bucket-count=8"
    "memorysetup-bucket-allocator-block-size=33554432"
    "memorysetup-bucket-allocator-block-count=8"
    "memorysetup-main-allocator-block-size=16777216"
    "memorysetup-thread-allocator-block-size=16777216"
    "memorysetup-gfx-main-allocator-block-size=16777216"
    "memorysetup-gfx-thread-allocator-block-size=16777216"
    "memorysetup-cache-allocator-block-size=4194304"
    "memorysetup-typetree-allocator-block-size=2097152"
    "memorysetup-profiler-bucket-allocator-granularity=16"
    "memorysetup-profiler-bucket-allocator-bucket-count=8"
    "memorysetup-profiler-bucket-allocator-block-size=33554432"
    "memorysetup-profiler-bucket-allocator-block-count=8"
    "memorysetup-profiler-allocator-block-size=16777216"
    "memorysetup-profiler-editor-allocator-block-size=1048576"
    "memorysetup-temp-allocator-size-main=16777216"
    "memorysetup-job-temp-allocator-block-size=2097152"
    "memorysetup-job-temp-allocator-block-size-background=1048576"
    "memorysetup-job-temp-allocator-reduction-small-platforms=262144"
    "memorysetup-temp-allocator-size-background-worker=32768"
    "memorysetup-temp-allocator-size-job-worker=262144"
    "memorysetup-temp-allocator-size-preload-manager=33554432"
    "memorysetup-temp-allocator-size-nav-mesh-worker=65536"
    "memorysetup-temp-allocator-size-audio-worker=65536"
    "memorysetup-temp-allocator-size-cloud-worker=32768"
    "memorysetup-temp-allocator-size-gi-baking-worker=262144"
    "memorysetup-temp-allocator-size-gfx=262144"
Player connection [28224] Host "[IP] 172.30.1.2 [Port] 0 [Flags] 2 [Guid] 1859702954 [EditorId] 1859702954 [Version] 1048832 [Id] WindowsEditor(7,DESKTOP-MDKBRF8) [Debug] 1 [PackageName] WindowsEditor [ProjectName] Editor" joined multi-casting on [225.0.0.222:54997]...

Player connection [28224] Host "[IP] 172.30.1.2 [Port] 0 [Flags] 2 [Guid] 1859702954 [EditorId] 1859702954 [Version] 1048832 [Id] WindowsEditor(7,DESKTOP-MDKBRF8) [Debug] 1 [PackageName] WindowsEditor [ProjectName] Editor" joined alternative multi-casting on [225.0.0.222:34997]...

Refreshing native plugins compatible for Editor in 101.00 ms, found 4 plugins.
Preloading 0 native plugins for Editor in 0.00 ms.
Initialize engine version: 2021.3.22f1 (b6c551784ba3)
[Subsystems] Discovering subsystems at path C:/Program Files/Unity/Hub/Editor/2021.3.22f1/Editor/Data/Resources/UnitySubsystems
[Subsystems] Discovering subsystems at path D:/Unity/Unity_project/MainProject/Assets
GfxDevice: creating device client; threaded=0; jobified=0
Direct3D:
    Version:  Direct3D 11.0 [level 11.1]
    Renderer: NVIDIA GeForce RTX 3080 (ID=0x2216)
    Vendor:   NVIDIA
    VRAM:     10067 MB
    Driver:   31.0.15.3168
Initialize mono
Mono path[0] = 'C:/Program Files/Unity/Hub/Editor/2021.3.22f1/Editor/Data/Managed'
Mono path[1] = 'C:/Program Files/Unity/Hub/Editor/2021.3.22f1/Editor/Data/MonoBleedingEdge/lib/mono/unityjit-win32'
Mono config path = 'C:/Program Files/Unity/Hub/Editor/2021.3.22f1/Editor/Data/MonoBleedingEdge/etc'
Using monoOptions --debugger-agent=transport=dt_socket,embedding=1,server=y,suspend=n,address=127.0.0.1:56124
Begin MonoManager ReloadAssembly
Registering precompiled unity dll's ...
Register platform support module: C:/Program Files/Unity/Hub/Editor/2021.3.22f1/Editor/Data/PlaybackEngines/WebGLSupport/UnityEditor.WebGL.Extensions.dll
Register platform support module: C:/Program Files/Unity/Hub/Editor/2021.3.22f1/Editor/Data/PlaybackEngines/WindowsStandaloneSupport/UnityEditor.WindowsStandalone.Extensions.dll
Registered in 0.002247 seconds.
Native extension for WindowsStandalone target not found
Native extension for WebGL target not found
Refreshing native plugins compatible for Editor in 96.06 ms, found 4 plugins.
Preloading 0 native plugins for Editor in 0.00 ms.
Mono: successfully reloaded assembly
- Completed reload, in  0.847 seconds
Domain Reload Profiling:
	ReloadAssembly (847ms)
		BeginReloadAssembly (56ms)
			ExecutionOrderSort (0ms)
			DisableScriptedObjects (0ms)
			BackupInstance (0ms)
			ReleaseScriptingObjects (0ms)
			CreateAndSetChildDomain (1ms)
		EndReloadAssembly (528ms)
			LoadAssemblies (55ms)
			RebuildTransferFunctionScriptingTraits (0ms)
			SetupTypeCache (255ms)
			ReleaseScriptCaches (0ms)
			RebuildScriptCaches (19ms)
			SetupLoadedEditorAssemblies (218ms)
				LogAssemblyErrors (0ms)
				InitializePlatformSupportModulesInManaged (6ms)
				SetLoadedEditorAssemblies (0ms)
				RefreshPlugins (96ms)
				BeforeProcessingInitializeOnLoad (1ms)
				ProcessInitializeOnLoadAttributes (80ms)
				ProcessInitializeOnLoadMethodAttributes (35ms)
				AfterProcessingInitializeOnLoad (0ms)
				EditorAssembliesLoaded (0ms)
			ExecutionOrderSort2 (0ms)
			AwakeInstancesAfterBackupRestoration (0ms)
Platform modules already initialized, skipping
Registering precompiled user dll's ...
Registered in 0.003007 seconds.
Begin MonoManager ReloadAssembly
Symbol file LoadedFromMemory doesn't match image D:\Unity\Unity_project\MainProject\Library\PackageCache\com.unity.visualscripting@1.8.0\Editor\VisualScripting.Core\Dependencies\YamlDotNet\Unity.VisualScripting.YamlDotNet.dll
Symbol file LoadedFromMemory doesn't match image D:\Unity\Unity_project\MainProject\Library\PackageCache\com.unity.visualscripting@1.8.0\Editor\VisualScripting.Core\Dependencies\DotNetZip\Unity.VisualScripting.IonicZip.dll
Native extension for WindowsStandalone target not found
Native extension for WebGL target not found
Refreshing native plugins compatible for Editor in 97.75 ms, found 4 plugins.
Preloading 0 native plugins for Editor in 0.00 ms.
Mono: successfully reloaded assembly
- Completed reload, in  1.099 seconds
Domain Reload Profiling:
	ReloadAssembly (1100ms)
		BeginReloadAssembly (78ms)
			ExecutionOrderSort (0ms)
			DisableScriptedObjects (4ms)
			BackupInstance (0ms)
			ReleaseScriptingObjects (0ms)
			CreateAndSetChildDomain (15ms)
		EndReloadAssembly (955ms)
			LoadAssemblies (69ms)
			RebuildTransferFunctionScriptingTraits (0ms)
			SetupTypeCache (191ms)
			ReleaseScriptCaches (0ms)
			RebuildScriptCaches (54ms)
			SetupLoadedEditorAssemblies (614ms)
				LogAssemblyErrors (0ms)
				InitializePlatformSupportModulesInManaged (3ms)
				SetLoadedEditorAssemblies (0ms)
				RefreshPlugins (98ms)
				BeforeProcessingInitializeOnLoad (81ms)
				ProcessInitializeOnLoadAttributes (310ms)
				ProcessInitializeOnLoadMethodAttributes (119ms)
				AfterProcessingInitializeOnLoad (3ms)
				EditorAssembliesLoaded (0ms)
			ExecutionOrderSort2 (0ms)
			AwakeInstancesAfterBackupRestoration (4ms)
Platform modules already initialized, skipping
========================================================================
Worker process is ready to serve import requests
Launched and connected shader compiler UnityShaderCompiler.exe after 0.04 seconds
Refreshing native plugins compatible for Editor in 1.85 ms, found 4 plugins.
Preloading 0 native plugins for Editor in 0.00 ms.
Unloading 6208 Unused Serialized files (Serialized files now loaded: 0)
Unloading 80 unused Assets / (0.9 MB). Loaded Objects now: 6644.
Memory consumption went from 248.4 MB to 247.5 MB.
Total: 8.383600 ms (FindLiveObjects: 0.445400 ms CreateObjectMapping: 0.488200 ms MarkObjects: 7.013200 ms  DeleteObjects: 0.434400 ms)

AssetImportParameters requested are different than current active one (requested -> active):
  custom:video-decoder-ogg-theora: a1e56fd34408186e4bbccfd4996cb3dc -> 
  custom:container-muxer-webm: aa71ff27fc2769a1b78a27578f13a17b -> 
  custom:container-demuxer-webm: 4f35f7cbe854078d1ac9338744f61a02 -> 
  custom:video-encoder-webm-vp8: eb34c28f22e8b96e1ab97ce403110664 -> 
  custom:audio-encoder-webm-vorbis: bf7c407c2cedff20999df2af8eb42d56 -> 
  custom:framework-win-MediaFoundation: 216162199b28c13a410421893ffa2e32 -> 
  custom:container-demuxer-ogg: 62fdf1f143b41e24485cea50d1cbac27 -> 
  custom:video-decoder-webm-vp8: 9c59270c3fd7afecdb556c50c9e8de78 -> 
  custom:audio-decoder-ogg-vorbis: bf7c407c2cedff20999df2af8eb42d56 -> 
========================================================================
Received Import Request.
  Time since last request: 48855.730855 seconds.
  path: Assets/AssetStore/PlopSaga_v3.0/Prefabs/Stuff/Temp/MoveStone_Mountain_02.prefab
  artifactKey: Guid(c029d3f5c50fb4bb1abf0b47297a50ed) Importer(815301076,1909f56bfc062723c751e8b465ee728b)
Start importing Assets/AssetStore/PlopSaga_v3.0/Prefabs/Stuff/Temp/MoveStone_Mountain_02.prefab using Guid(c029d3f5c50fb4bb1abf0b47297a50ed) Importer(815301076,1909f56bfc062723c751e8b465ee728b)  -> (artifact id: 'a0f300adb3c62d25018800a733466b0f') in 0.170694 seconds 
========================================================================
Received Import Request.
  Time since last request: 3.133557 seconds.
  path: Assets/AssetStore/PlopSaga_v3.0/Prefabs/Stuff/Temp/MoveStone_Mountain_02.prefab
  artifactKey: Guid(c029d3f5c50fb4bb1abf0b47297a50ed) Importer(815301076,1909f56bfc062723c751e8b465ee728b)
Start importing Assets/AssetStore/PlopSaga_v3.0/Prefabs/Stuff/Temp/MoveStone_Mountain_02.prefab using Guid(c029d3f5c50fb4bb1abf0b47297a50ed) Importer(815301076,1909f56bfc062723c751e8b465ee728b)  -> (artifact id: 'e29b8894a92f3f897d359da26a8526a7') in 0.008873 seconds 
========================================================================
Received Import Request.
  Time since last request: 16.108525 seconds.
  path: Assets/AssetStore/PlopSaga_v3.0/Prefabs/Stuff/MoveStoneMushroomPlatform_01.prefab
  artifactKey: Guid(05d3d11ef83c34333b1495b585016211) Importer(815301076,1909f56bfc062723c751e8b465ee728b)
Start importing Assets/AssetStore/PlopSaga_v3.0/Prefabs/Stuff/MoveStoneMushroomPlatform_01.prefab using Guid(05d3d11ef83c34333b1495b585016211) Importer(815301076,1909f56bfc062723c751e8b465ee728b)  -> (artifact id: '234cebbd067b674f8bd7309e255cb6d9') in 0.015256 seconds 
========================================================================
Received Import Request.
  Time since last request: 6.748226 seconds.
  path: Assets/AssetStore/PlopSaga_v3.0/Prefabs/Stuff/MoveStoneMushroomPlatform_02.prefab
  artifactKey: Guid(9d7592ff0e5564ee98c886cd75bed26c) Importer(815301076,1909f56bfc062723c751e8b465ee728b)
Start importing Assets/AssetStore/PlopSaga_v3.0/Prefabs/Stuff/MoveStoneMushroomPlatform_02.prefab using Guid(9d7592ff0e5564ee98c886cd75bed26c) Importer(815301076,1909f56bfc062723c751e8b465ee728b)  -> (artifact id: 'a54eedc3d2bb3e198ea7485898ab58e4') in 0.013466 seconds 
========================================================================
Received Import Request.
  Time since last request: 11.398060 seconds.
  path: Assets/AssetStore/PlopSaga_v3.0/Prefabs/Stuff/MoveStoneMushroomPlatform_Desert_01.prefab
  artifactKey: Guid(00aeef634c2c64d6c8cb28591a9c18bd) Importer(815301076,1909f56bfc062723c751e8b465ee728b)
Start importing Assets/AssetStore/PlopSaga_v3.0/Prefabs/Stuff/MoveStoneMushroomPlatform_Desert_01.prefab using Guid(00aeef634c2c64d6c8cb28591a9c18bd) Importer(815301076,1909f56bfc062723c751e8b465ee728b)  -> (artifact id: '3b771365ca3ed812a2e59e0f6fecb63c') in 0.012441 seconds 
========================================================================
Received Import Request.
  Time since last request: 11.957710 seconds.
  path: Assets/AssetStore/PlopSaga_v3.0/Prefabs/Chapter_5/Snow_Snowberg_Middle_20.prefab
  artifactKey: Guid(31ef0d86c379249cd9f369f740c01af4) Importer(815301076,1909f56bfc062723c751e8b465ee728b)
Start importing Assets/AssetStore/PlopSaga_v3.0/Prefabs/Chapter_5/Snow_Snowberg_Middle_20.prefab using Guid(31ef0d86c379249cd9f369f740c01af4) Importer(815301076,1909f56bfc062723c751e8b465ee728b)  -> (artifact id: '86a4b001c805012298d89e4c349c6639') in 0.014676 seconds 
========================================================================
Received Import Request.
  Time since last request: 0.000024 seconds.
  path: Assets/AssetStore/PlopSaga_v3.0/Prefabs/Chapter_5/Snow_Snowberg_Middle_27.prefab
  artifactKey: Guid(1b5d23b6c586948b799483d2a27e6763) Importer(815301076,1909f56bfc062723c751e8b465ee728b)
Start importing Assets/AssetStore/PlopSaga_v3.0/Prefabs/Chapter_5/Snow_Snowberg_Middle_27.prefab using Guid(1b5d23b6c586948b799483d2a27e6763) Importer(815301076,1909f56bfc062723c751e8b465ee728b)  -> (artifact id: 'd49c8cfab26440859cc00a0ea4b275a1') in 0.017794 seconds 
========================================================================
Received Import Request.
  Time since last request: 0.000036 seconds.
  path: Assets/AssetStore/PlopSaga_v3.0/Prefabs/Chapter_5/Stone_Snowberg_Middle_01.prefab
  artifactKey: Guid(c90818a558ffc4807b3b3c1d92bc99d9) Importer(815301076,1909f56bfc062723c751e8b465ee728b)
Start importing Assets/AssetStore/PlopSaga_v3.0/Prefabs/Chapter_5/Stone_Snowberg_Middle_01.prefab using Guid(c90818a558ffc4807b3b3c1d92bc99d9) Importer(815301076,1909f56bfc062723c751e8b465ee728b)  -> (artifact id: 'a1e1ef74212fd2cc3107b689a70f1f20') in 0.018754 seconds 
========================================================================
Received Import Request.
  Time since last request: 0.000026 seconds.
  path: Assets/AssetStore/PlopSaga_v3.0/Prefabs/Chapter_5/Tree_Snowberg_Front_03.prefab
  artifactKey: Guid(b53c78254ca4b4741bfe4faf2be97374) Importer(815301076,1909f56bfc062723c751e8b465ee728b)
Start importing Assets/AssetStore/PlopSaga_v3.0/Prefabs/Chapter_5/Tree_Snowberg_Front_03.prefab using Guid(b53c78254ca4b4741bfe4faf2be97374) Importer(815301076,1909f56bfc062723c751e8b465ee728b)  -> (artifact id: '0ce436378a7a26d1caf93d2a1724a915') in 0.015805 seconds 
========================================================================
Received Import Request.
  Time since last request: 0.000050 seconds.
  path: Assets/AssetStore/PlopSaga_v3.0/Prefabs/Chapter_5/Tree_Snowberg_Front_05.prefab
  artifactKey: Guid(4cf13ccbf92d0414582ad9273f023260) Importer(815301076,1909f56bfc062723c751e8b465ee728b)
Start importing Assets/AssetStore/PlopSaga_v3.0/Prefabs/Chapter_5/Tree_Snowberg_Front_05.prefab using Guid(4cf13ccbf92d0414582ad9273f023260) Importer(815301076,1909f56bfc062723c751e8b465ee728b)  -> (artifact id: '0fc11b093e645f0781022a8d163e97e5') in 0.014286 seconds 
========================================================================
Received Import Request.
  Time since last request: 0.000025 seconds.
  path: Assets/AssetStore/PlopSaga_v3.0/Prefabs/Chapter_5/Tree_Snowberg_Middle_06.prefab
  artifactKey: Guid(f4d08f8d435824da682b08f3cba0fe34) Importer(815301076,1909f56bfc062723c751e8b465ee728b)
Start importing Assets/AssetStore/PlopSaga_v3.0/Prefabs/Chapter_5/Tree_Snowberg_Middle_06.prefab using Guid(f4d08f8d435824da682b08f3cba0fe34) Importer(815301076,1909f56bfc062723c751e8b465ee728b)  -> (artifact id: '1e533a067f1494e9eeee4c1de90f893e') in 0.015606 seconds 
========================================================================
Received Import Request.
  Time since last request: 0.000026 seconds.
  path: Assets/AssetStore/PlopSaga_v3.0/Prefabs/Chapter_5/Wood_Forest_05_2.prefab
  artifactKey: Guid(dd0c94a2ea55b401c8caa8cbe25bee26) Importer(815301076,1909f56bfc062723c751e8b465ee728b)
Start importing Assets/AssetStore/PlopSaga_v3.0/Prefabs/Chapter_5/Wood_Forest_05_2.prefab using Guid(dd0c94a2ea55b401c8caa8cbe25bee26) Importer(815301076,1909f56bfc062723c751e8b465ee728b)  -> (artifact id: '8128d0f31a041ce268cdd2ce81c089e3') in 0.015887 seconds 
========================================================================
Received Import Request.
  Time since last request: 0.000024 seconds.
  path: Assets/AssetStore/PlopSaga_v3.0/Prefabs/Chapter_5/Tree_Snowberg_Middle_07.prefab
  artifactKey: Guid(7ea174bd5ae50459f9cd12ca9a0122f8) Importer(815301076,1909f56bfc062723c751e8b465ee728b)
Start importing Assets/AssetStore/PlopSaga_v3.0/Prefabs/Chapter_5/Tree_Snowberg_Middle_07.prefab using Guid(7ea174bd5ae50459f9cd12ca9a0122f8) Importer(815301076,1909f56bfc062723c751e8b465ee728b)  -> (artifact id: 'f756af2ec5a5351198aa8214dcd927ec') in 0.014218 seconds 
========================================================================
Received Import Request.
  Time since last request: 0.000039 seconds.
  path: Assets/AssetStore/PlopSaga_v3.0/Prefabs/Chapter_5/Tree_Snowberg_Middle_01.prefab
  artifactKey: Guid(78533537c7afd4f29aa9ed0a00871259) Importer(815301076,1909f56bfc062723c751e8b465ee728b)
Start importing Assets/AssetStore/PlopSaga_v3.0/Prefabs/Chapter_5/Tree_Snowberg_Middle_01.prefab using Guid(78533537c7afd4f29aa9ed0a00871259) Importer(815301076,1909f56bfc062723c751e8b465ee728b)  -> (artifact id: 'e41f6adef8bdfbc442ce1b649a650b20') in 0.013733 seconds 
========================================================================
Received Import Request.
  Time since last request: 0.000029 seconds.
  path: Assets/AssetStore/PlopSaga_v3.0/Prefabs/Chapter_5/Stone_Snowberg_Front_01.prefab
  artifactKey: Guid(325a01c40288e40deb06162ee853790d) Importer(815301076,1909f56bfc062723c751e8b465ee728b)
Start importing Assets/AssetStore/PlopSaga_v3.0/Prefabs/Chapter_5/Stone_Snowberg_Front_01.prefab using Guid(325a01c40288e40deb06162ee853790d) Importer(815301076,1909f56bfc062723c751e8b465ee728b)  -> (artifact id: 'f7829d1042ed0dba7ece8153b86a7fe0') in 0.014875 seconds 
========================================================================
Received Import Request.
  Time since last request: 0.000022 seconds.
  path: Assets/AssetStore/PlopSaga_v3.0/Prefabs/Chapter_5/Stone_Snowberg_Front_03.prefab
  artifactKey: Guid(e7d5c500fc8db44f6a0cf7639a741e36) Importer(815301076,1909f56bfc062723c751e8b465ee728b)
Start importing Assets/AssetStore/PlopSaga_v3.0/Prefabs/Chapter_5/Stone_Snowberg_Front_03.prefab using Guid(e7d5c500fc8db44f6a0cf7639a741e36) Importer(815301076,1909f56bfc062723c751e8b465ee728b)  -> (artifact id: '6c8d4922e2efb0b99a8556f503314d07') in 0.015794 seconds 
========================================================================
Received Import Request.
  Time since last request: 0.000036 seconds.
  path: Assets/AssetStore/PlopSaga_v3.0/Prefabs/Chapter_5/Tree_Snowberg_Front_04.prefab
  artifactKey: Guid(bbd0c3f20ff6b4f0d8da1011a9ca2cf4) Importer(815301076,1909f56bfc062723c751e8b465ee728b)
Start importing Assets/AssetStore/PlopSaga_v3.0/Prefabs/Chapter_5/Tree_Snowberg_Front_04.prefab using Guid(bbd0c3f20ff6b4f0d8da1011a9ca2cf4) Importer(815301076,1909f56bfc062723c751e8b465ee728b)  -> (artifact id: '35093ef9afd6bf7a5c83ce69c3174288') in 0.015164 seconds 
========================================================================
Received Import Request.
  Time since last request: 0.000033 seconds.
  path: Assets/AssetStore/PlopSaga_v3.0/Prefabs/Chapter_5/Tree_Snowberg_Middle_04.prefab
  artifactKey: Guid(561a8252832cc4200acdc8a5e0c89f55) Importer(815301076,1909f56bfc062723c751e8b465ee728b)
Start importing Assets/AssetStore/PlopSaga_v3.0/Prefabs/Chapter_5/Tree_Snowberg_Middle_04.prefab using Guid(561a8252832cc4200acdc8a5e0c89f55) Importer(815301076,1909f56bfc062723c751e8b465ee728b)  -> (artifact id: '6f9c209e951f53f5b1e17154d3e61116') in 0.015563 seconds 
========================================================================
Received Import Request.
  Time since last request: 0.000023 seconds.
  path: Assets/AssetStore/PlopSaga_v3.0/Prefabs/Chapter_5/Tree_Snowberg_Middle_03.prefab
  artifactKey: Guid(f0174890e85b84322bf1794f3893cad3) Importer(815301076,1909f56bfc062723c751e8b465ee728b)
Start importing Assets/AssetStore/PlopSaga_v3.0/Prefabs/Chapter_5/Tree_Snowberg_Middle_03.prefab using Guid(f0174890e85b84322bf1794f3893cad3) Importer(815301076,1909f56bfc062723c751e8b465ee728b)  -> (artifact id: '356e87125e528a363713368b2a35e87a') in 0.014249 seconds 
Editor requested this worker to shutdown with reason: Scaling down because of idle timeout
AssetImportWorker is now disconnected from the server
Process exiting
Exiting without the bug reporter. Application will terminate with return code 0